{"C:\\Users\\hp\\Desktop\\ALL FILES\\week3\\blogapi\\src\\controllers\\auth.controllers.js": {"path":"C:\\Users\\hp\\Desktop\\ALL FILES\\week3\\blogapi\\src\\controllers\\auth.controllers.js","statementMap":{"0":{"start":{"line":3,"column":15},"end":{"line":3,"column":23}},"1":{"start":{"line":9,"column":15},"end":{"line":60,"column":1}},"2":{"start":{"line":10,"column":2},"end":{"line":59,"column":3}},"3":{"start":{"line":11,"column":17},"end":{"line":11,"column":41}},"4":{"start":{"line":12,"column":27},"end":{"line":12,"column":69}},"5":{"start":{"line":14,"column":26},"end":{"line":14,"column":71}},"6":{"start":{"line":15,"column":29},"end":{"line":15,"column":80}},"7":{"start":{"line":17,"column":23},"end":{"line":17,"column":51}},"8":{"start":{"line":18,"column":4},"end":{"line":22,"column":5}},"9":{"start":{"line":19,"column":6},"end":{"line":21,"column":9}},"10":{"start":{"line":23,"column":4},"end":{"line":51,"column":5}},"11":{"start":{"line":24,"column":6},"end":{"line":26,"column":9}},"12":{"start":{"line":29,"column":22},"end":{"line":33,"column":8}},"13":{"start":{"line":35,"column":6},"end":{"line":50,"column":11}},"14":{"start":{"line":37,"column":24},"end":{"line":37,"column":119}},"15":{"start":{"line":38,"column":10},"end":{"line":44,"column":13}},"16":{"start":{"line":47,"column":10},"end":{"line":49,"column":13}},"17":{"start":{"line":53,"column":4},"end":{"line":58,"column":5}},"18":{"start":{"line":54,"column":6},"end":{"line":54,"column":25}},"19":{"start":{"line":55,"column":6},"end":{"line":57,"column":9}},"20":{"start":{"line":94,"column":23},"end":{"line":113,"column":1}},"21":{"start":{"line":95,"column":2},"end":{"line":112,"column":3}},"22":{"start":{"line":96,"column":17},"end":{"line":96,"column":66}},"23":{"start":{"line":98,"column":22},"end":{"line":98,"column":76}},"24":{"start":{"line":99,"column":4},"end":{"line":108,"column":5}},"25":{"start":{"line":100,"column":6},"end":{"line":100,"column":56}},"26":{"start":{"line":103,"column":20},"end":{"line":103,"column":91}},"27":{"start":{"line":104,"column":6},"end":{"line":107,"column":9}},"28":{"start":{"line":111,"column":3},"end":{"line":111,"column":36}}},"fnMap":{"0":{"name":"(anonymous_0)","decl":{"start":{"line":9,"column":15},"end":{"line":9,"column":16}},"loc":{"start":{"line":9,"column":35},"end":{"line":60,"column":1}},"line":9},"1":{"name":"(anonymous_1)","decl":{"start":{"line":36,"column":14},"end":{"line":36,"column":15}},"loc":{"start":{"line":36,"column":24},"end":{"line":45,"column":9}},"line":36},"2":{"name":"(anonymous_2)","decl":{"start":{"line":46,"column":15},"end":{"line":46,"column":16}},"loc":{"start":{"line":46,"column":24},"end":{"line":50,"column":9}},"line":46},"3":{"name":"(anonymous_3)","decl":{"start":{"line":94,"column":23},"end":{"line":94,"column":24}},"loc":{"start":{"line":94,"column":43},"end":{"line":113,"column":1}},"line":94}},"branchMap":{"0":{"loc":{"start":{"line":18,"column":4},"end":{"line":22,"column":5}},"type":"if","locations":[{"start":{"line":18,"column":4},"end":{"line":22,"column":5}},{"start":{},"end":{}}],"line":18},"1":{"loc":{"start":{"line":23,"column":4},"end":{"line":51,"column":5}},"type":"if","locations":[{"start":{"line":23,"column":4},"end":{"line":51,"column":5}},{"start":{"line":27,"column":11},"end":{"line":51,"column":5}}],"line":23},"2":{"loc":{"start":{"line":23,"column":8},"end":{"line":23,"column":41}},"type":"binary-expr","locations":[{"start":{"line":23,"column":8},"end":{"line":23,"column":21}},{"start":{"line":23,"column":25},"end":{"line":23,"column":41}}],"line":23},"3":{"loc":{"start":{"line":53,"column":4},"end":{"line":58,"column":5}},"type":"if","locations":[{"start":{"line":53,"column":4},"end":{"line":58,"column":5}},{"start":{},"end":{}}],"line":53},"4":{"loc":{"start":{"line":99,"column":4},"end":{"line":108,"column":5}},"type":"if","locations":[{"start":{"line":99,"column":4},"end":{"line":108,"column":5}},{"start":{"line":102,"column":9},"end":{"line":108,"column":5}}],"line":99},"5":{"loc":{"start":{"line":99,"column":7},"end":{"line":99,"column":26}},"type":"binary-expr","locations":[{"start":{"line":99,"column":7},"end":{"line":99,"column":12}},{"start":{"line":99,"column":16},"end":{"line":99,"column":26}}],"line":99}},"s":{"0":5,"1":5,"2":5,"3":5,"4":5,"5":4,"6":2,"7":2,"8":2,"9":1,"10":1,"11":0,"12":1,"13":1,"14":0,"15":0,"16":1,"17":3,"18":0,"19":0,"20":5,"21":4,"22":4,"23":4,"24":0,"25":0,"26":0,"27":0,"28":4},"f":{"0":5,"1":0,"2":1,"3":4},"b":{"0":[1,1],"1":[0,1],"2":[1,1],"3":[0,3],"4":[0,0],"5":[0,0]},"_coverageSchema":"1a1c01bbd47fc00a2c39e90264f33305004495a9","hash":"33118ffeee02bc81826d614e0178f4b34ec5029f"}
,"C:\\Users\\hp\\Desktop\\ALL FILES\\week3\\blogapi\\src\\controllers\\post.controllers.js": {"path":"C:\\Users\\hp\\Desktop\\ALL FILES\\week3\\blogapi\\src\\controllers\\post.controllers.js","statementMap":{"0":{"start":{"line":3,"column":15},"end":{"line":3,"column":23}},"1":{"start":{"line":10,"column":12},"end":{"line":10,"column":21}},"2":{"start":{"line":11,"column":0},"end":{"line":11,"column":75}},"3":{"start":{"line":12,"column":0},"end":{"line":12,"column":53}},"4":{"start":{"line":13,"column":0},"end":{"line":13,"column":30}},"5":{"start":{"line":27,"column":0},"end":{"line":31,"column":3}},"6":{"start":{"line":32,"column":20},"end":{"line":45,"column":2}},"7":{"start":{"line":35,"column":4},"end":{"line":43,"column":5}},"8":{"start":{"line":36,"column":16},"end":{"line":36,"column":47}},"9":{"start":{"line":37,"column":6},"end":{"line":39,"column":7}},"10":{"start":{"line":38,"column":8},"end":{"line":38,"column":66}},"11":{"start":{"line":40,"column":6},"end":{"line":40,"column":21}},"12":{"start":{"line":42,"column":6},"end":{"line":42,"column":30}},"13":{"start":{"line":47,"column":22},"end":{"line":69,"column":3}},"14":{"start":{"line":48,"column":2},"end":{"line":68,"column":7}},"15":{"start":{"line":49,"column":19},"end":{"line":49,"column":66}},"16":{"start":{"line":51,"column":24},"end":{"line":57,"column":12}},"17":{"start":{"line":59,"column":27},"end":{"line":59,"column":48}},"18":{"start":{"line":61,"column":9},"end":{"line":63,"column":61}},"19":{"start":{"line":66,"column":8},"end":{"line":66,"column":43}},"20":{"start":{"line":72,"column":23},"end":{"line":94,"column":1}},"21":{"start":{"line":73,"column":2},"end":{"line":93,"column":3}},"22":{"start":{"line":74,"column":17},"end":{"line":74,"column":51}},"23":{"start":{"line":76,"column":6},"end":{"line":87,"column":7}},"24":{"start":{"line":77,"column":28},"end":{"line":83,"column":9}},"25":{"start":{"line":84,"column":5},"end":{"line":84,"column":46}},"26":{"start":{"line":86,"column":8},"end":{"line":86,"column":34}},"27":{"start":{"line":92,"column":4},"end":{"line":92,"column":37}},"28":{"start":{"line":97,"column":23},"end":{"line":113,"column":1}},"29":{"start":{"line":98,"column":2},"end":{"line":112,"column":3}},"30":{"start":{"line":99,"column":17},"end":{"line":99,"column":51}},"31":{"start":{"line":101,"column":6},"end":{"line":106,"column":7}},"32":{"start":{"line":102,"column":8},"end":{"line":102,"column":28}},"33":{"start":{"line":103,"column":8},"end":{"line":103,"column":64}},"34":{"start":{"line":105,"column":8},"end":{"line":105,"column":42}},"35":{"start":{"line":111,"column":4},"end":{"line":111,"column":37}},"36":{"start":{"line":116,"column":23},"end":{"line":123,"column":1}},"37":{"start":{"line":117,"column":2},"end":{"line":122,"column":3}},"38":{"start":{"line":118,"column":17},"end":{"line":118,"column":51}},"39":{"start":{"line":119,"column":4},"end":{"line":119,"column":38}},"40":{"start":{"line":121,"column":4},"end":{"line":121,"column":37}},"41":{"start":{"line":126,"column":23},"end":{"line":148,"column":1}},"42":{"start":{"line":127,"column":19},"end":{"line":127,"column":33}},"43":{"start":{"line":128,"column":18},"end":{"line":128,"column":31}},"44":{"start":{"line":129,"column":2},"end":{"line":147,"column":3}},"45":{"start":{"line":131,"column":4},"end":{"line":141,"column":5}},"46":{"start":{"line":132,"column":6},"end":{"line":132,"column":44}},"47":{"start":{"line":133,"column":11},"end":{"line":141,"column":5}},"48":{"start":{"line":134,"column":6},"end":{"line":138,"column":9}},"49":{"start":{"line":140,"column":6},"end":{"line":140,"column":32}},"50":{"start":{"line":142,"column":4},"end":{"line":144,"column":7}},"51":{"start":{"line":146,"column":4},"end":{"line":146,"column":37}}},"fnMap":{"0":{"name":"(anonymous_0)","decl":{"start":{"line":34,"column":14},"end":{"line":34,"column":15}},"loc":{"start":{"line":34,"column":33},"end":{"line":44,"column":3}},"line":34},"1":{"name":"(anonymous_1)","decl":{"start":{"line":47,"column":22},"end":{"line":47,"column":23}},"loc":{"start":{"line":47,"column":42},"end":{"line":69,"column":3}},"line":47},"2":{"name":"(anonymous_2)","decl":{"start":{"line":72,"column":23},"end":{"line":72,"column":24}},"loc":{"start":{"line":72,"column":43},"end":{"line":94,"column":1}},"line":72},"3":{"name":"(anonymous_3)","decl":{"start":{"line":97,"column":23},"end":{"line":97,"column":24}},"loc":{"start":{"line":97,"column":43},"end":{"line":113,"column":1}},"line":97},"4":{"name":"(anonymous_4)","decl":{"start":{"line":116,"column":23},"end":{"line":116,"column":24}},"loc":{"start":{"line":116,"column":43},"end":{"line":123,"column":1}},"line":116},"5":{"name":"(anonymous_5)","decl":{"start":{"line":126,"column":23},"end":{"line":126,"column":24}},"loc":{"start":{"line":126,"column":43},"end":{"line":148,"column":1}},"line":126}},"branchMap":{"0":{"loc":{"start":{"line":37,"column":6},"end":{"line":39,"column":7}},"type":"if","locations":[{"start":{"line":37,"column":6},"end":{"line":39,"column":7}},{"start":{},"end":{}}],"line":37},"1":{"loc":{"start":{"line":37,"column":10},"end":{"line":37,"column":116}},"type":"binary-expr","locations":[{"start":{"line":37,"column":10},"end":{"line":37,"column":24}},{"start":{"line":37,"column":28},"end":{"line":37,"column":43}},{"start":{"line":37,"column":47},"end":{"line":37,"column":61}},{"start":{"line":37,"column":65},"end":{"line":37,"column":79}},{"start":{"line":37,"column":83},"end":{"line":37,"column":98}},{"start":{"line":37,"column":102},"end":{"line":37,"column":116}}],"line":37},"2":{"loc":{"start":{"line":131,"column":4},"end":{"line":141,"column":5}},"type":"if","locations":[{"start":{"line":131,"column":4},"end":{"line":141,"column":5}},{"start":{"line":133,"column":11},"end":{"line":141,"column":5}}],"line":131},"3":{"loc":{"start":{"line":133,"column":11},"end":{"line":141,"column":5}},"type":"if","locations":[{"start":{"line":133,"column":11},"end":{"line":141,"column":5}},{"start":{"line":139,"column":11},"end":{"line":141,"column":5}}],"line":133}},"s":{"0":5,"1":5,"2":5,"3":5,"4":5,"5":5,"6":5,"7":0,"8":0,"9":0,"10":0,"11":0,"12":0,"13":5,"14":0,"15":0,"16":0,"17":0,"18":0,"19":0,"20":5,"21":0,"22":0,"23":0,"24":0,"25":0,"26":0,"27":0,"28":5,"29":0,"30":0,"31":0,"32":0,"33":0,"34":0,"35":0,"36":5,"37":0,"38":0,"39":0,"40":0,"41":5,"42":0,"43":0,"44":0,"45":0,"46":0,"47":0,"48":0,"49":0,"50":0,"51":0},"f":{"0":0,"1":0,"2":0,"3":0,"4":0,"5":0},"b":{"0":[0,0],"1":[0,0,0,0,0,0],"2":[0,0],"3":[0,0]},"_coverageSchema":"1a1c01bbd47fc00a2c39e90264f33305004495a9","hash":"2f5ee225dd08652cb16f037f26cb82023e8388f9"}
,"C:\\Users\\hp\\Desktop\\ALL FILES\\week3\\blogapi\\src\\controllers\\users.controllers.js": {"path":"C:\\Users\\hp\\Desktop\\ALL FILES\\week3\\blogapi\\src\\controllers\\users.controllers.js","statementMap":{"0":{"start":{"line":3,"column":15},"end":{"line":3,"column":23}},"1":{"start":{"line":12,"column":22},"end":{"line":33,"column":1}},"2":{"start":{"line":13,"column":2},"end":{"line":32,"column":3}},"3":{"start":{"line":14,"column":4},"end":{"line":17,"column":5}},"4":{"start":{"line":15,"column":19},"end":{"line":15,"column":43}},"5":{"start":{"line":16,"column":6},"end":{"line":16,"column":69}},"6":{"start":{"line":18,"column":4},"end":{"line":29,"column":5}},"7":{"start":{"line":19,"column":26},"end":{"line":25,"column":7}},"8":{"start":{"line":26,"column":6},"end":{"line":26,"column":47}},"9":{"start":{"line":28,"column":6},"end":{"line":28,"column":32}},"10":{"start":{"line":31,"column":4},"end":{"line":31,"column":70}},"11":{"start":{"line":36,"column":24},"end":{"line":55,"column":1}},"12":{"start":{"line":37,"column":2},"end":{"line":54,"column":3}},"13":{"start":{"line":38,"column":4},"end":{"line":51,"column":5}},"14":{"start":{"line":39,"column":19},"end":{"line":39,"column":53}},"15":{"start":{"line":40,"column":6},"end":{"line":40,"column":50}},"16":{"start":{"line":41,"column":7},"end":{"line":41,"column":63}},"17":{"start":{"line":50,"column":6},"end":{"line":50,"column":53}},"18":{"start":{"line":53,"column":4},"end":{"line":53,"column":69}},"19":{"start":{"line":71,"column":23},"end":{"line":80,"column":1}},"20":{"start":{"line":72,"column":2},"end":{"line":79,"column":5}},"21":{"start":{"line":74,"column":4},"end":{"line":74,"column":28}},"22":{"start":{"line":76,"column":4},"end":{"line":78,"column":9}}},"fnMap":{"0":{"name":"(anonymous_0)","decl":{"start":{"line":12,"column":22},"end":{"line":12,"column":23}},"loc":{"start":{"line":12,"column":42},"end":{"line":33,"column":1}},"line":12},"1":{"name":"(anonymous_1)","decl":{"start":{"line":36,"column":24},"end":{"line":36,"column":25}},"loc":{"start":{"line":36,"column":44},"end":{"line":55,"column":1}},"line":36},"2":{"name":"(anonymous_2)","decl":{"start":{"line":71,"column":23},"end":{"line":71,"column":24}},"loc":{"start":{"line":71,"column":37},"end":{"line":80,"column":1}},"line":71},"3":{"name":"(anonymous_3)","decl":{"start":{"line":73,"column":8},"end":{"line":73,"column":9}},"loc":{"start":{"line":73,"column":17},"end":{"line":75,"column":3}},"line":73},"4":{"name":"(anonymous_4)","decl":{"start":{"line":75,"column":11},"end":{"line":75,"column":12}},"loc":{"start":{"line":75,"column":18},"end":{"line":79,"column":3}},"line":75}},"branchMap":{"0":{"loc":{"start":{"line":13,"column":2},"end":{"line":32,"column":3}},"type":"if","locations":[{"start":{"line":13,"column":2},"end":{"line":32,"column":3}},{"start":{"line":30,"column":9},"end":{"line":32,"column":3}}],"line":13},"1":{"loc":{"start":{"line":14,"column":4},"end":{"line":17,"column":5}},"type":"if","locations":[{"start":{"line":14,"column":4},"end":{"line":17,"column":5}},{"start":{},"end":{}}],"line":14},"2":{"loc":{"start":{"line":37,"column":2},"end":{"line":54,"column":3}},"type":"if","locations":[{"start":{"line":37,"column":2},"end":{"line":54,"column":3}},{"start":{"line":52,"column":9},"end":{"line":54,"column":3}}],"line":37},"3":{"loc":{"start":{"line":77,"column":19},"end":{"line":77,"column":78}},"type":"binary-expr","locations":[{"start":{"line":77,"column":19},"end":{"line":77,"column":30}},{"start":{"line":77,"column":34},"end":{"line":77,"column":78}}],"line":77}},"s":{"0":5,"1":5,"2":0,"3":0,"4":0,"5":0,"6":0,"7":0,"8":0,"9":0,"10":0,"11":5,"12":0,"13":0,"14":0,"15":0,"16":0,"17":0,"18":0,"19":5,"20":0,"21":0,"22":0},"f":{"0":0,"1":0,"2":0,"3":0,"4":0},"b":{"0":[0,0],"1":[0,0],"2":[0,0],"3":[0,0]},"_coverageSchema":"1a1c01bbd47fc00a2c39e90264f33305004495a9","hash":"f93c718480babe68387d713eca36c96c5e1007e3"}
,"C:\\Users\\hp\\Desktop\\ALL FILES\\week3\\blogapi\\src\\middlewires\\middleware.js": {"path":"C:\\Users\\hp\\Desktop\\ALL FILES\\week3\\blogapi\\src\\middlewires\\middleware.js","statementMap":{},"fnMap":{},"branchMap":{},"s":{},"f":{},"b":{},"_coverageSchema":"1a1c01bbd47fc00a2c39e90264f33305004495a9","hash":"016760e4258dfd82737402e10a84f94f65736706"}
,"C:\\Users\\hp\\Desktop\\ALL FILES\\week3\\blogapi\\src\\middlewires\\mustHveAccount.js": {"path":"C:\\Users\\hp\\Desktop\\ALL FILES\\week3\\blogapi\\src\\middlewires\\mustHveAccount.js","statementMap":{"0":{"start":{"line":5,"column":0},"end":{"line":5,"column":16}},"1":{"start":{"line":7,"column":2},"end":{"line":20,"column":3}},"2":{"start":{"line":8,"column":18},"end":{"line":8,"column":43}},"3":{"start":{"line":10,"column":4},"end":{"line":16,"column":5}},"4":{"start":{"line":11,"column":25},"end":{"line":11,"column":66}},"5":{"start":{"line":12,"column":20},"end":{"line":12,"column":56}},"6":{"start":{"line":13,"column":6},"end":{"line":13,"column":13}},"7":{"start":{"line":15,"column":6},"end":{"line":15,"column":76}},"8":{"start":{"line":19,"column":4},"end":{"line":19,"column":74}}},"fnMap":{"0":{"name":"(anonymous_0)","decl":{"start":{"line":6,"column":15},"end":{"line":6,"column":16}},"loc":{"start":{"line":6,"column":40},"end":{"line":21,"column":1}},"line":6}},"branchMap":{"0":{"loc":{"start":{"line":10,"column":4},"end":{"line":16,"column":5}},"type":"if","locations":[{"start":{"line":10,"column":4},"end":{"line":16,"column":5}},{"start":{"line":14,"column":10},"end":{"line":16,"column":5}}],"line":10}},"s":{"0":5,"1":6,"2":6,"3":6,"4":4,"5":0,"6":0,"7":2,"8":4},"f":{"0":6},"b":{"0":[4,2]},"_coverageSchema":"1a1c01bbd47fc00a2c39e90264f33305004495a9","hash":"f435b6e67888cf1284074487ec7347e6e13fee93"}
,"C:\\Users\\hp\\Desktop\\ALL FILES\\week3\\blogapi\\src\\models\\Category.js": {"path":"C:\\Users\\hp\\Desktop\\ALL FILES\\week3\\blogapi\\src\\models\\Category.js","statementMap":{"0":{"start":{"line":3,"column":23},"end":{"line":12,"column":1}}},"fnMap":{},"branchMap":{},"s":{"0":5},"f":{},"b":{},"_coverageSchema":"1a1c01bbd47fc00a2c39e90264f33305004495a9","hash":"cf3296dbbb4a4300d90a76f8482a1328128de2b8"}
,"C:\\Users\\hp\\Desktop\\ALL FILES\\week3\\blogapi\\src\\models\\Post.js": {"path":"C:\\Users\\hp\\Desktop\\ALL FILES\\week3\\blogapi\\src\\models\\Post.js","statementMap":{"0":{"start":{"line":36,"column":19},"end":{"line":63,"column":1}}},"fnMap":{},"branchMap":{},"s":{"0":5},"f":{},"b":{},"_coverageSchema":"1a1c01bbd47fc00a2c39e90264f33305004495a9","hash":"c9367156831c16601018861e4536925733619811"}
,"C:\\Users\\hp\\Desktop\\ALL FILES\\week3\\blogapi\\src\\models\\User.js": {"path":"C:\\Users\\hp\\Desktop\\ALL FILES\\week3\\blogapi\\src\\models\\User.js","statementMap":{"0":{"start":{"line":29,"column":19},"end":{"line":46,"column":1}}},"fnMap":{},"branchMap":{},"s":{"0":5},"f":{},"b":{},"_coverageSchema":"1a1c01bbd47fc00a2c39e90264f33305004495a9","hash":"453d83cf334be31e02f1621314ccf8fc80c644b7"}
,"C:\\Users\\hp\\Desktop\\ALL FILES\\week3\\blogapi\\src\\models\\comment.model.js": {"path":"C:\\Users\\hp\\Desktop\\ALL FILES\\week3\\blogapi\\src\\models\\comment.model.js","statementMap":{"0":{"start":{"line":3,"column":22},"end":{"line":8,"column":2}}},"fnMap":{},"branchMap":{},"s":{"0":5},"f":{},"b":{},"_coverageSchema":"1a1c01bbd47fc00a2c39e90264f33305004495a9","hash":"a9fdaa02bf858a586826acd79b11d01d198a11aa"}
,"C:\\Users\\hp\\Desktop\\ALL FILES\\week3\\blogapi\\src\\routes\\auth.js": {"path":"C:\\Users\\hp\\Desktop\\ALL FILES\\week3\\blogapi\\src\\routes\\auth.js","statementMap":{"0":{"start":{"line":3,"column":15},"end":{"line":3,"column":31}},"1":{"start":{"line":26,"column":2},"end":{"line":26,"column":32}},"2":{"start":{"line":67,"column":2},"end":{"line":67,"column":32}}},"fnMap":{},"branchMap":{},"s":{"0":5,"1":5,"2":5},"f":{},"b":{},"_coverageSchema":"1a1c01bbd47fc00a2c39e90264f33305004495a9","hash":"d999b4897d90f5696c28ca94abbea0cf6f3deb67"}
,"C:\\Users\\hp\\Desktop\\ALL FILES\\week3\\blogapi\\src\\routes\\categories.js": {"path":"C:\\Users\\hp\\Desktop\\ALL FILES\\week3\\blogapi\\src\\routes\\categories.js","statementMap":{"0":{"start":{"line":3,"column":15},"end":{"line":3,"column":23}},"1":{"start":{"line":6,"column":0},"end":{"line":14,"column":3}},"2":{"start":{"line":7,"column":17},"end":{"line":7,"column":39}},"3":{"start":{"line":8,"column":2},"end":{"line":13,"column":3}},"4":{"start":{"line":9,"column":21},"end":{"line":9,"column":40}},"5":{"start":{"line":10,"column":4},"end":{"line":10,"column":42}},"6":{"start":{"line":12,"column":4},"end":{"line":12,"column":37}},"7":{"start":{"line":16,"column":0},"end":{"line":23,"column":5}},"8":{"start":{"line":17,"column":4},"end":{"line":22,"column":5}},"9":{"start":{"line":18,"column":19},"end":{"line":18,"column":40}},"10":{"start":{"line":19,"column":6},"end":{"line":19,"column":40}},"11":{"start":{"line":21,"column":6},"end":{"line":21,"column":40}}},"fnMap":{"0":{"name":"(anonymous_0)","decl":{"start":{"line":6,"column":17},"end":{"line":6,"column":18}},"loc":{"start":{"line":6,"column":37},"end":{"line":14,"column":1}},"line":6},"1":{"name":"(anonymous_1)","decl":{"start":{"line":16,"column":16},"end":{"line":16,"column":17}},"loc":{"start":{"line":16,"column":36},"end":{"line":23,"column":3}},"line":16}},"branchMap":{},"s":{"0":5,"1":5,"2":0,"3":0,"4":0,"5":0,"6":0,"7":5,"8":0,"9":0,"10":0,"11":0},"f":{"0":0,"1":0},"b":{},"_coverageSchema":"1a1c01bbd47fc00a2c39e90264f33305004495a9","hash":"3a70b17b992ab2f09e8df14cecb53ca9ef843c34"}
,"C:\\Users\\hp\\Desktop\\ALL FILES\\week3\\blogapi\\src\\routes\\commentCo.js": {"path":"C:\\Users\\hp\\Desktop\\ALL FILES\\week3\\blogapi\\src\\routes\\commentCo.js","statementMap":{"0":{"start":{"line":2,"column":15},"end":{"line":2,"column":23}},"1":{"start":{"line":41,"column":0},"end":{"line":78,"column":5}},"2":{"start":{"line":42,"column":17},"end":{"line":42,"column":34}},"3":{"start":{"line":44,"column":2},"end":{"line":61,"column":3}},"4":{"start":{"line":45,"column":17},"end":{"line":45,"column":44}},"5":{"start":{"line":46,"column":4},"end":{"line":48,"column":5}},"6":{"start":{"line":47,"column":6},"end":{"line":47,"column":65}},"7":{"start":{"line":50,"column":20},"end":{"line":53,"column":5}},"8":{"start":{"line":55,"column":4},"end":{"line":55,"column":32}},"9":{"start":{"line":56,"column":22},"end":{"line":56,"column":39}},"10":{"start":{"line":58,"column":4},"end":{"line":58,"column":43}},"11":{"start":{"line":60,"column":4},"end":{"line":60,"column":58}}},"fnMap":{"0":{"name":"(anonymous_0)","decl":{"start":{"line":41,"column":54},"end":{"line":41,"column":55}},"loc":{"start":{"line":41,"column":74},"end":{"line":78,"column":3}},"line":41}},"branchMap":{"0":{"loc":{"start":{"line":46,"column":4},"end":{"line":48,"column":5}},"type":"if","locations":[{"start":{"line":46,"column":4},"end":{"line":48,"column":5}},{"start":{},"end":{}}],"line":46}},"s":{"0":5,"1":5,"2":0,"3":0,"4":0,"5":0,"6":0,"7":0,"8":0,"9":0,"10":0,"11":0},"f":{"0":0},"b":{"0":[0,0]},"_coverageSchema":"1a1c01bbd47fc00a2c39e90264f33305004495a9","hash":"fe0d1972f6b97fed802006662596f7f21e4ef71a"}
,"C:\\Users\\hp\\Desktop\\ALL FILES\\week3\\blogapi\\src\\routes\\posts.js": {"path":"C:\\Users\\hp\\Desktop\\ALL FILES\\week3\\blogapi\\src\\routes\\posts.js","statementMap":{"0":{"start":{"line":3,"column":15},"end":{"line":3,"column":23}},"1":{"start":{"line":62,"column":0},"end":{"line":62,"column":68}},"2":{"start":{"line":84,"column":0},"end":{"line":84,"column":25}},"3":{"start":{"line":123,"column":0},"end":{"line":123,"column":27}},"4":{"start":{"line":175,"column":0},"end":{"line":175,"column":43}},"5":{"start":{"line":203,"column":0},"end":{"line":203,"column":46}}},"fnMap":{},"branchMap":{},"s":{"0":5,"1":5,"2":5,"3":5,"4":5,"5":5},"f":{},"b":{},"_coverageSchema":"1a1c01bbd47fc00a2c39e90264f33305004495a9","hash":"a455863562b8d65384eecbfea4de13d7b40153f1"}
,"C:\\Users\\hp\\Desktop\\ALL FILES\\week3\\blogapi\\src\\routes\\users.js": {"path":"C:\\Users\\hp\\Desktop\\ALL FILES\\week3\\blogapi\\src\\routes\\users.js","statementMap":{"0":{"start":{"line":2,"column":15},"end":{"line":2,"column":23}},"1":{"start":{"line":62,"column":2},"end":{"line":62,"column":28}},"2":{"start":{"line":64,"column":2},"end":{"line":64,"column":32}},"3":{"start":{"line":97,"column":2},"end":{"line":97,"column":32}}},"fnMap":{},"branchMap":{},"s":{"0":5,"1":5,"2":5,"3":5},"f":{},"b":{},"_coverageSchema":"1a1c01bbd47fc00a2c39e90264f33305004495a9","hash":"595d475d4d5a73a582066e6d498f639e4320806a"}
,"C:\\Users\\hp\\Desktop\\ALL FILES\\week3\\blogapi\\src\\tests\\app.js": {"path":"C:\\Users\\hp\\Desktop\\ALL FILES\\week3\\blogapi\\src\\tests\\app.js","statementMap":{"0":{"start":{"line":2,"column":12},"end":{"line":2,"column":21}},"1":{"start":{"line":13,"column":0},"end":{"line":13,"column":16}},"2":{"start":{"line":14,"column":0},"end":{"line":14,"column":24}},"3":{"start":{"line":15,"column":0},"end":{"line":15,"column":50}},"4":{"start":{"line":16,"column":0},"end":{"line":16,"column":27}},"5":{"start":{"line":17,"column":0},"end":{"line":17,"column":38}},"6":{"start":{"line":18,"column":0},"end":{"line":18,"column":32}},"7":{"start":{"line":19,"column":0},"end":{"line":19,"column":33}},"8":{"start":{"line":20,"column":0},"end":{"line":20,"column":33}}},"fnMap":{},"branchMap":{},"s":{"0":5,"1":5,"2":5,"3":5,"4":5,"5":5,"6":5,"7":5,"8":5},"f":{},"b":{},"_coverageSchema":"1a1c01bbd47fc00a2c39e90264f33305004495a9","hash":"968b585cb85a53a0097edc31202b47a3c5c46a08"}
}
