TN:
SF:src\controllers\auth.controllers.js
FN:9,(anonymous_0)
FN:36,(anonymous_1)
FN:46,(anonymous_2)
FN:94,(anonymous_3)
FNF:4
FNH:0
FNDA:0,(anonymous_0)
FNDA:0,(anonymous_1)
FNDA:0,(anonymous_2)
FNDA:0,(anonymous_3)
DA:3,5
DA:9,5
DA:10,0
DA:11,0
DA:12,0
DA:14,0
DA:15,0
DA:17,0
DA:18,0
DA:19,0
DA:23,0
DA:24,0
DA:29,0
DA:35,0
DA:37,0
DA:38,0
DA:47,0
DA:53,0
DA:54,0
DA:55,0
DA:94,5
DA:95,0
DA:96,0
DA:98,0
DA:99,0
DA:100,0
DA:103,0
DA:104,0
DA:111,0
LF:29
LH:3
BRDA:18,0,0,0
BRDA:18,0,1,0
BRDA:23,1,0,0
BRDA:23,1,1,0
BRDA:23,2,0,0
BRDA:23,2,1,0
BRDA:53,3,0,0
BRDA:53,3,1,0
BRDA:99,4,0,0
BRDA:99,4,1,0
BRDA:99,5,0,0
BRDA:99,5,1,0
BRF:12
BRH:0
end_of_record
TN:
SF:src\controllers\post.controllers.js
FN:34,(anonymous_0)
FN:47,(anonymous_1)
FN:72,(anonymous_2)
FN:97,(anonymous_3)
FN:116,(anonymous_4)
FN:126,(anonymous_5)
FNF:6
FNH:0
FNDA:0,(anonymous_0)
FNDA:0,(anonymous_1)
FNDA:0,(anonymous_2)
FNDA:0,(anonymous_3)
FNDA:0,(anonymous_4)
FNDA:0,(anonymous_5)
DA:3,5
DA:10,5
DA:11,5
DA:12,5
DA:13,5
DA:27,5
DA:32,5
DA:35,0
DA:36,0
DA:37,0
DA:38,0
DA:40,0
DA:42,0
DA:47,5
DA:48,0
DA:49,0
DA:51,0
DA:59,0
DA:61,0
DA:66,0
DA:72,5
DA:73,0
DA:74,0
DA:76,0
DA:77,0
DA:84,0
DA:86,0
DA:92,0
DA:97,5
DA:98,0
DA:99,0
DA:101,0
DA:102,0
DA:103,0
DA:105,0
DA:111,0
DA:116,5
DA:117,0
DA:118,0
DA:119,0
DA:121,0
DA:126,5
DA:127,0
DA:128,0
DA:129,0
DA:131,0
DA:132,0
DA:133,0
DA:134,0
DA:140,0
DA:142,0
DA:146,0
LF:52
LH:12
BRDA:37,0,0,0
BRDA:37,0,1,0
BRDA:37,1,0,0
BRDA:37,1,1,0
BRDA:37,1,2,0
BRDA:37,1,3,0
BRDA:37,1,4,0
BRDA:37,1,5,0
BRDA:131,2,0,0
BRDA:131,2,1,0
BRDA:133,3,0,0
BRDA:133,3,1,0
BRF:12
BRH:0
end_of_record
TN:
SF:src\controllers\users.controllers.js
FN:12,(anonymous_0)
FN:36,(anonymous_1)
FN:71,(anonymous_2)
FN:73,(anonymous_3)
FN:75,(anonymous_4)
FNF:5
FNH:0
FNDA:0,(anonymous_0)
FNDA:0,(anonymous_1)
FNDA:0,(anonymous_2)
FNDA:0,(anonymous_3)
FNDA:0,(anonymous_4)
DA:3,5
DA:12,5
DA:13,0
DA:14,0
DA:15,0
DA:16,0
DA:18,0
DA:19,0
DA:26,0
DA:28,0
DA:31,0
DA:36,5
DA:37,0
DA:38,0
DA:39,0
DA:40,0
DA:41,0
DA:50,0
DA:53,0
DA:71,5
DA:72,0
DA:74,0
DA:76,0
LF:23
LH:4
BRDA:13,0,0,0
BRDA:13,0,1,0
BRDA:14,1,0,0
BRDA:14,1,1,0
BRDA:37,2,0,0
BRDA:37,2,1,0
BRDA:77,3,0,0
BRDA:77,3,1,0
BRF:8
BRH:0
end_of_record
TN:
SF:src\middlewires\middleware.js
FNF:0
FNH:0
LF:0
LH:0
BRF:0
BRH:0
end_of_record
TN:
SF:src\middlewires\mustHveAccount.js
FN:6,(anonymous_0)
FNF:1
FNH:1
FNDA:2,(anonymous_0)
DA:5,5
DA:7,2
DA:8,2
DA:10,2
DA:11,1
DA:12,0
DA:13,0
DA:15,1
DA:19,1
LF:9
LH:7
BRDA:10,0,0,1
BRDA:10,0,1,1
BRF:2
BRH:2
end_of_record
TN:
SF:src\models\Category.js
FNF:0
FNH:0
DA:3,5
LF:1
LH:1
BRF:0
BRH:0
end_of_record
TN:
SF:src\models\Post.js
FNF:0
FNH:0
DA:36,5
LF:1
LH:1
BRF:0
BRH:0
end_of_record
TN:
SF:src\models\User.js
FNF:0
FNH:0
DA:29,5
LF:1
LH:1
BRF:0
BRH:0
end_of_record
TN:
SF:src\models\comment.model.js
FNF:0
FNH:0
DA:3,5
LF:1
LH:1
BRF:0
BRH:0
end_of_record
TN:
SF:src\routes\auth.js
FNF:0
FNH:0
DA:3,5
DA:26,5
DA:67,5
LF:3
LH:3
BRF:0
BRH:0
end_of_record
TN:
SF:src\routes\categories.js
FN:6,(anonymous_0)
FN:16,(anonymous_1)
FNF:2
FNH:0
FNDA:0,(anonymous_0)
FNDA:0,(anonymous_1)
DA:3,5
DA:6,5
DA:7,0
DA:8,0
DA:9,0
DA:10,0
DA:12,0
DA:16,5
DA:17,0
DA:18,0
DA:19,0
DA:21,0
LF:12
LH:3
BRF:0
BRH:0
end_of_record
TN:
SF:src\routes\commentCo.js
FN:41,(anonymous_0)
FNF:1
FNH:0
FNDA:0,(anonymous_0)
DA:2,5
DA:41,5
DA:42,0
DA:44,0
DA:45,0
DA:46,0
DA:47,0
DA:50,0
DA:55,0
DA:56,0
DA:58,0
DA:60,0
LF:12
LH:2
BRDA:46,0,0,0
BRDA:46,0,1,0
BRF:2
BRH:0
end_of_record
TN:
SF:src\routes\posts.js
FNF:0
FNH:0
DA:3,5
DA:62,5
DA:84,5
DA:123,5
DA:175,5
DA:203,5
LF:6
LH:6
BRF:0
BRH:0
end_of_record
TN:
SF:src\routes\users.js
FNF:0
FNH:0
DA:2,5
DA:62,5
DA:64,5
DA:97,5
LF:4
LH:4
BRF:0
BRH:0
end_of_record
TN:
SF:src\tests\app.js
FNF:0
FNH:0
DA:2,5
DA:13,5
DA:14,5
DA:15,5
DA:16,5
DA:17,5
DA:18,5
DA:19,5
DA:20,5
DA:21,5
LF:10
LH:10
BRF:0
BRH:0
end_of_record
